<?xml version="1.0" encoding="UTF-8"?>
<!-- Generated by org.testng.reporters.JUnitXMLReporter -->
<testsuite hostname="SVRODK00074" ignored="0" name="TestName1" tests="3" failures="0" timestamp="19 Jul 2018 09:16:46 GMT" time="10.397" errors="0">
  <testcase name="testMet1" time="1.115" classname="group2.artifact2.TestSession4"/>
  <testcase name="testMet2" time="0.901" classname="group2.artifact2.TestSession4"/>
  <testcase name="testMet3" time="0.001" classname="group2.artifact2.TestSession4"/>
</testsuite> <!-- TestName1 -->
