<?xml version="1.0" encoding="UTF-8"?>
<testng-results skipped="0" failed="0" ignored="0" total="1" passed="1">
  <reporter-output>
  </reporter-output>
  <suite name="Default suite" duration-ms="9850" started-at="2018-08-02T12:57:06Z" finished-at="2018-08-02T12:57:16Z">
    <groups>
    </groups>
    <test name="Default test" duration-ms="9850" started-at="2018-08-02T12:57:06Z" finished-at="2018-08-02T12:57:16Z">
      <class name="test.HomepageTest">
        <test-method status="PASS" signature="initialSet()[pri:0, instance:test.HomepageTest@1e88b3c]" name="initialSet" is-config="true" duration-ms="3523" started-at="2018-08-02T12:57:06Z" finished-at="2018-08-02T12:57:10Z">
          <reporter-output>
          </reporter-output>
        </test-method> <!-- initialSet -->
        <test-method status="PASS" signature="testHome()[pri:0, instance:test.HomepageTest@1e88b3c]" name="testHome" duration-ms="6280" started-at="2018-08-02T12:57:10Z" finished-at="2018-08-02T12:57:16Z">
          <reporter-output>
          </reporter-output>
        </test-method> <!-- testHome -->
        <test-method status="PASS" signature="tearDown()[pri:0, instance:test.HomepageTest@1e88b3c]" name="tearDown" is-config="true" duration-ms="34" started-at="2018-08-02T12:57:16Z" finished-at="2018-08-02T12:57:16Z">
          <reporter-output>
          </reporter-output>
        </test-method> <!-- tearDown -->
      </class> <!-- test.HomepageTest -->
    </test> <!-- Default test -->
  </suite> <!-- Default suite -->
</testng-results>
