<?xml version="1.0" encoding="UTF-8"?>
<!-- Generated by org.testng.reporters.JUnitXMLReporter -->
<testsuite hostname="SVRODK00074" ignored="4" name="TestName1" tests="1" failures="0" timestamp="25 Jul 2018 13:45:28 GMT" time="48.671" errors="0">
  <testcase name="testHomepage" time="34.654" classname="test.sv.MobileHomepageTest"/>
  <testcase name="@BeforeSuite beforeSuite" time="0.0" classname="test.BaseTest">
    <ignored/>
  </testcase> <!-- @BeforeSuite beforeSuite -->
  <testcase name="@BeforeSuite beforeSuite" time="0.0" classname="test.BaseTest">
    <ignored/>
  </testcase> <!-- @BeforeSuite beforeSuite -->
  <testcase name="testSearch" time="0.0" classname="test.sv.MobileSearchTest">
    <ignored/>
  </testcase> <!-- testSearch -->
  <testcase name="testHamburgerMenu" time="0.0" classname="test.sv.MobileHamburgerMenuTest">
    <ignored/>
  </testcase> <!-- testHamburgerMenu -->
</testsuite> <!-- TestName1 -->
