<?xml version="1.0" encoding="UTF-8"?>
<!-- Generated by org.testng.reporters.JUnitXMLReporter -->
<testsuite hostname="SVRODK00074" ignored="2" name="TestName1" tests="4" failures="0" timestamp="25 Jul 2018 07:58:59 GMT" time="32.741" errors="0">
  <testcase name="testHome" time="3.744" classname="test.automation.HomeTest"/>
  <testcase name="testLogin1" time="11.462" classname="test.automation.LoginTest"/>
  <testcase name="testLogin2" time="4.029" classname="test.automation.LoginTest"/>
  <testcase name="testSearch" time="3.645" classname="test.automation.SearchTest"/>
  <testcase name="@BeforeSuite beforeSuite" time="0.0" classname="test.BaseTest">
    <ignored/>
  </testcase> <!-- @BeforeSuite beforeSuite -->
  <testcase name="@BeforeSuite beforeSuite" time="0.0" classname="test.BaseTest">
    <ignored/>
  </testcase> <!-- @BeforeSuite beforeSuite -->
</testsuite> <!-- TestName1 -->
